
 =======================================================================
       		
        --------------------------------------------------------
  Precision:  64-bit
  Linear equations solver: Cholesky decomposition
                           ( http://numerical.recipes/ )
 -----------------------------------------------------------------------
  Written by Anatoliy Volkov              Last modified on Feb 02, 2019
 =======================================================================

 Verbosity level ( -vlevel [n] ) =    1

 Input file name specified in the command line = Ammonia_250K_rk.txt

 Comment = Ammonia, Redlich-Kwong eos, values of parameters a and b are close to those in Table 12
 Equation of state = rk
 Number of parameters =    2
 Initial guess =     1.0000E+00    1.0000E-03
 Temperature =     250.000000 K
 Molar volume unit = dm^3/mol
 Pressure     unit = mmhg
 Number of data points =          991

 The first 10 data points :
         1        2.078617500000E+02        7.491112434332E+01
         2        1.889652272727E+02        8.243630105027E+01
         3        1.732181250000E+02        8.985153868546E+01
         4        1.598936538462E+02        9.736617586684E+01
         5        1.484726785714E+02        1.048297726367E+02
         6        1.385745000000E+02        1.122650825746E+02
         7        1.299135937500E+02        1.198470620918E+02
         8        1.222716176471E+02        1.272791165499E+02
         9        1.154787500000E+02        1.347456193890E+02
        10        1.094009210526E+02        1.422507379476E+02

 The first 10 data points coverted to the SI units :
         1        2.078617500000E-01        9.987329941393E+03
         2        1.889652272727E-01        1.099060446568E+04
         3        1.732181250000E-01        1.197922165046E+04
         4        1.598936538462E-01        1.298109102004E+04
         5        1.484726785714E-01        1.397615556009E+04
         6        1.385745000000E-01        1.496744883218E+04
         7        1.299135937500E-01        1.597829644275E+04
         8        1.222716176471E-01        1.696915568651E+04
         9        1.154787500000E-01        1.796460767066E+04
        10        1.094009210526E-01        1.896520799473E+04

 Initial error function, S =     1.6896188027E+14

 ======== CYCLE    1, lambda =   1.00E+04 ========
              ------------------------
       beta = (    1.91083051667E+12 )
              (   -2.59342392416E+17 )
              ------------------------
              --------------------------------------------
      alpha = (    2.20528235362E+10  -2.89056589801E+15 )
              (   -2.89056589801E+15   4.02272509424E+20 )
              --------------------------------------------
              --------------------------------------------
     alpha' = (    2.20550288185E+14  -2.89056589801E+15 )
              (   -2.89056589801E+15   4.02312736675E+24 )
              --------------------------------------------
      old a =      1.00000000000E+00   1.00000000000E-03
     change =      8.66307732433E-03  -6.44566596037E-08
      new a =      1.00866307732E+00   9.99935543340E-04
 S :: old, change, new =    1.68961880273E+14  -6.7E+10   1.68895347765E+14
 cycle accepted, new lambda =    1.00000E+03

 ======== CYCLE    2, lambda =   1.00E+03 ========
              ------------------------
       beta = (    1.91048839244E+12 )
              (   -2.59271628262E+17 )
              ------------------------
              --------------------------------------------
      alpha = (    2.20536210771E+10  -2.89040755031E+15 )
              (   -2.89040755031E+15   4.02209404284E+20 )
              --------------------------------------------
              --------------------------------------------
     alpha' = (    2.20756746982E+13  -2.89040755031E+15 )
              (   -2.89040755031E+15   4.02611613689E+23 )
              --------------------------------------------
      old a =      1.00866307732E+00   9.99935543340E-04
     change =      8.64584599896E-02  -6.43353840947E-07
      new a =      1.09512153731E+00   9.99292189499E-04
 S :: old, change, new =    1.68895347765E+14  -6.6E+11   1.68232134496E+14
 cycle accepted, new lambda =    1.00000E+02

 ======== CYCLE    3, lambda =   1.00E+02 ========
              ------------------------
       beta = (    1.90707366500E+12 )
              (   -2.58566068816E+17 )
              ------------------------
              --------------------------------------------
      alpha = (    2.20615839002E+10  -2.88882899632E+15 )
              (   -2.88882899632E+15   4.01580514973E+20 )
              --------------------------------------------
              --------------------------------------------
     alpha' = (    2.22821997392E+12  -2.88882899632E+15 )
              (   -2.88882899632E+15   4.05596320123E+22 )
              --------------------------------------------
      old a =      1.09512153731E+00   9.99292189499E-04
     change =      8.47686463007E-01  -6.31458509052E-06
      new a =      1.94280800032E+00   9.92977604409E-04
 S :: old, change, new =    1.68232134496E+14  -6.4E+12   1.61805268663E+14
 cycle accepted, new lambda =    1.00000E+01

 ======== CYCLE    4, lambda =   1.00E+01 ========
              ------------------------
       beta = (    1.87356507361E+12 )
              (   -2.51712640030E+17 )
              ------------------------
              --------------------------------------------
      alpha = (    2.21399738925E+10  -2.87352173844E+15 )
              (   -2.87352173844E+15   3.95500876799E+20 )
              --------------------------------------------
              --------------------------------------------
     alpha' = (    2.43539712817E+11  -2.87352173844E+15 )
              (   -2.87352173844E+15   4.35050964479E+21 )
              --------------------------------------------
      old a =      1.94280800032E+00   9.92977604409E-04
     change =      7.06545257431E+00  -5.31914482118E-05
      new a =      9.00826057464E+00   9.39786156197E-04
 S :: old, change, new =    1.61805268663E+14  -4.8E+13   1.13427222635E+14
 cycle accepted, new lambda =    1.00000E+00

 ======== CYCLE    5, lambda =   1.00E+00 ========
              ------------------------
       beta = (    1.59174788351E+12 )
              (   -1.98738277913E+17 )
              ------------------------
              --------------------------------------------
      alpha = (    2.28175616462E+10  -2.75734311189E+15 )
              (   -2.75734311189E+15   3.50376414321E+20 )
              --------------------------------------------
              --------------------------------------------
     alpha' = (    4.56351232925E+10  -2.75734311189E+15 )
              (   -2.75734311189E+15   7.00752828642E+20 )
              --------------------------------------------
      old a =      9.00826057464E+00   9.39786156197E-04
     change =      2.32783144890E+01  -1.92010609591E-04
      new a =      3.22865750636E+01   7.47775546606E-04
 S :: old, change, new =    1.13427222635E+14  -9.9E+13   1.44909734226E+13
 cycle accepted, new lambda =    1.00000E-01

 ======== CYCLE    6, lambda =   1.00E-01 ========
              ------------------------
       beta = (    5.92990080863E+11 )
              (   -6.00466622135E+16 )
              ------------------------
              --------------------------------------------
      alpha = (    2.55478198337E+10  -2.49015581903E+15 )
              (   -2.49015581903E+15   2.49676846561E+20 )
              --------------------------------------------
              --------------------------------------------
     alpha' = (    2.81026018170E+10  -2.49015581903E+15 )
              (   -2.49015581903E+15   2.74644531218E+20 )
              --------------------------------------------
      old a =      3.22865750636E+01   7.47775546606E-04
     change =      8.78896651317E+00  -1.38946025753E-04
      new a =      4.10755415768E+01   6.08829520854E-04
 S :: old, change, new =    1.44909734226E+13  -1.4E+13   3.24445682305E+11
 cycle accepted, new lambda =    1.00000E-02

 ======== CYCLE    7, lambda =   1.00E-02 ========
              ------------------------
       beta = (    3.67668696317E+10 )
              (   -4.14099257297E+15 )
              ------------------------
              --------------------------------------------
      alpha = (    2.78490808618E+10  -2.36193188908E+15 )
              (   -2.36193188908E+15   2.04112957238E+20 )
              --------------------------------------------
              --------------------------------------------
     alpha' = (    2.81275716705E+10  -2.36193188908E+15 )
              (   -2.36193188908E+15   2.06154086811E+20 )
              --------------------------------------------
      old a =      4.10755415768E+01   6.08829520854E-04
     change =     -1.00099410070E+01  -1.34771965354E-04
      new a =      3.10656005697E+01   4.74057555499E-04
 S :: old, change, new =    3.24445682305E+11  -2.1E+11   1.17062064372E+11
 cycle accepted, new lambda =    1.00000E-03

 ======== CYCLE    8, lambda =   1.00E-03 ========
              ------------------------
       beta = (    2.73329844798E+10 )
              (   -2.32309056822E+15 )
              ------------------------
              --------------------------------------------
      alpha = (    3.03997195257E+10  -2.12892840171E+15 )
              (   -2.12892840171E+15   1.50900271393E+20 )
              --------------------------------------------
              --------------------------------------------
     alpha' = (    3.04301192452E+10  -2.12892840171E+15 )
              (   -2.12892840171E+15   1.51051171665E+20 )
              --------------------------------------------
      old a =      3.10656005697E+01   4.74057555499E-04
     change =     -1.27322199949E+01  -1.94828514124E-04
      new a =      1.83333805748E+01   2.79229041375E-04
 S :: old, change, new =    1.17062064372E+11  -1.0E+10   1.06662584477E+11
 cycle accepted, new lambda =    1.00000E-04

 ======== CYCLE    9, lambda =   1.00E-04 ========
              ------------------------
       beta = (    5.76013109578E+10 )
              (   -3.12184627598E+15 )
              ------------------------
              --------------------------------------------
      alpha = (    3.47740181078E+10  -1.83979312437E+15 )
              (   -1.83979312437E+15   9.78303045846E+19 )
              --------------------------------------------
              --------------------------------------------
     alpha' = (    3.47774955096E+10  -1.83979312437E+15 )
              (   -1.83979312437E+15   9.78400876151E+19 )
              --------------------------------------------
      old a =      1.83333805748E+01   2.79229041375E-04
     change =     -6.05997367809E+00  -1.45859887605E-04
      new a =      1.22734068968E+01   1.33369153770E-04
 S :: old, change, new =    1.06662584477E+11  -8.9E+10   1.78826823623E+10
 cycle accepted, new lambda =    1.00000E-05

 ======== CYCLE   10, lambda =   1.00E-05 ========
              ------------------------
       beta = (    2.57250506589E+10 )
              (   -1.12385134095E+15 )
              ------------------------
              --------------------------------------------
      alpha = (    3.87176336533E+10  -1.67647471931E+15 )
              (   -1.67647471931E+15   7.27206558869E+19 )
              --------------------------------------------
              --------------------------------------------
     alpha' = (    3.87180208297E+10  -1.67647471931E+15 )
              (   -1.67647471931E+15   7.27213830934E+19 )
              --------------------------------------------
      old a =      1.22734068968E+01   1.33369153770E-04
     change =     -2.63748434167E+00  -7.62571739761E-05
      new a =      9.63592255509E+00   5.71119797942E-05
 S :: old, change, new =    1.78826823623E+10  -1.7E+10   1.05057504912E+09
 cycle accepted, new lambda =    1.00000E-06

 ======== CYCLE   11, lambda =   1.00E-06 ========
              ------------------------
       beta = (    6.39234808637E+09 )
              (   -2.50396527567E+14 )
              ------------------------
              --------------------------------------------
      alpha = (    4.10603223879E+10  -1.60071617346E+15 )
              (   -1.60071617346E+15   6.24476283245E+19 )
              --------------------------------------------
              --------------------------------------------
     alpha' = (    4.10603634483E+10  -1.60071617346E+15 )
              (   -1.60071617346E+15   6.24476907721E+19 )
              --------------------------------------------
      old a =      9.63592255509E+00   5.71119797942E-05
     change =     -8.87473826814E-01  -2.67582390159E-05
      new a =      8.74844872827E+00   3.03537407783E-05
 S :: old, change, new =    1.05057504912E+09  -1.0E+09   3.79069112540E+07
 cycle accepted, new lambda =    1.00000E-07

 ======== CYCLE   12, lambda =   1.00E-07 ========
              ------------------------
       beta = (    7.69741823502E+08 )
              (   -2.90106568667E+13 )
              ------------------------
              --------------------------------------------
      alpha = (    4.19344411281E+10  -1.57481563145E+15 )
              (   -1.57481563145E+15   5.91673433255E+19 )
              --------------------------------------------
              --------------------------------------------
     alpha' = (    4.19344453215E+10  -1.57481563145E+15 )
              (   -1.57481563145E+15   5.91673492423E+19 )
              --------------------------------------------
      old a =      8.74844872827E+00   3.03537407783E-05
     change =     -1.29196706844E-01  -3.92905298807E-06
      new a =      8.61925202143E+00   2.64246877903E-05
 S :: old, change, new =    3.79069112540E+07  -1.5E+07   2.33771425899E+07
 cycle accepted, new lambda =    1.00000E-08

 ======== CYCLE   13, lambda =   1.00E-08 ========
              ------------------------
       beta = (    1.65051648784E+07 )
              (   -6.18521980820E+11 )
              ------------------------
              --------------------------------------------
      alpha = (    4.20652063601E+10  -1.57102824582E+15 )
              (   -1.57102824582E+15   5.86980298641E+19 )
              --------------------------------------------
              --------------------------------------------
     alpha' = (    4.20652067808E+10  -1.57102824582E+15 )
              (   -1.57102824582E+15   5.86980304511E+19 )
              --------------------------------------------
      old a =      8.61925202143E+00   2.64246877903E-05
     change =     -2.85194048789E-03  -8.68683498154E-08
      new a =      8.61640008094E+00   2.63378194404E-05
 S :: old, change, new =    2.33771425899E+07  -6.7E+03   2.33704843647E+07
 cycle accepted, new lambda =    1.00000E-09

 ======== CYCLE   14, lambda =   1.00E-09 ========
              ------------------------
       beta = (    8.05857013767E+03 )
              (   -3.01835394548E+08 )
              ------------------------
              --------------------------------------------
      alpha = (    4.20681045824E+10  -1.57094457124E+15 )
              (   -1.57094457124E+15   5.86876901442E+19 )
              --------------------------------------------
              --------------------------------------------
     alpha' = (    4.20681046245E+10  -1.57094457124E+15 )
              (   -1.57094457124E+15   5.86876902029E+19 )
              --------------------------------------------
      old a =      8.61640008094E+00   2.63378194404E-05
     change =     -1.21199541180E-06  -3.75856163270E-11
      new a =      8.61639886894E+00   2.63377818548E-05
 S :: old, change, new =    2.33704843647E+07  -1.6E-03   2.33704843632E+07
 cycle accepted, new lambda =    1.00000E-10

 ======== CYCLE   15, lambda =   1.00E-10 ========
              ------------------------
       beta = (    1.42015889287E-03 )
              (    2.76993713379E+01 )
              ------------------------
              --------------------------------------------
      alpha = (    4.20681058365E+10  -1.57094453540E+15 )
              (   -1.57094453540E+15   5.86876856982E+19 )
              --------------------------------------------
              --------------------------------------------
     alpha' = (    4.20681058407E+10  -1.57094453540E+15 )
              (   -1.57094453540E+15   5.86876857041E+19 )
              --------------------------------------------
      old a =      8.61639886894E+00   2.63377818548E-05
     change =      1.25227000896E-10   3.35253247343E-15
      new a =      8.61639886907E+00   2.63377818582E-05
 S :: old, change, new =    2.33704843632E+07   2.3E-07   2.33704843632E+07
  repeating cycle           14  with new lambda =    1.0000000000000003E-009

 ======== CYCLE   15, lambda =   1.00E-09 ========
              ------------------------
       beta = (    3.30818817019E-04 )
              (   -1.24440307617E+01 )
              ------------------------
              --------------------------------------------
      alpha = (    4.20681058364E+10  -1.57094453541E+15 )
              (   -1.57094453541E+15   5.86876856986E+19 )
              --------------------------------------------
              --------------------------------------------
     alpha' = (    4.20681058784E+10  -1.57094453541E+15 )
              (   -1.57094453541E+15   5.86876857573E+19 )
              --------------------------------------------
      old a =      8.61639886894E+00   2.63377818548E-05
     change =     -1.32167242724E-13  -3.74987419659E-18
      new a =      8.61639886894E+00   2.63377818548E-05
 S :: old, change, new =    2.33704843632E+07   3.7E-07   2.33704843632E+07
  repeating cycle           14  with new lambda =    1.0000000000000004E-008

 ======== CYCLE   15, lambda =   1.00E-08 ========
              ------------------------
       beta = (    8.32514837384E-04 )
              (    4.97713623047E+01 )
              ------------------------
              --------------------------------------------
      alpha = (    4.20681058365E+10  -1.57094453540E+15 )
              (   -1.57094453540E+15   5.86876856982E+19 )
              --------------------------------------------
              --------------------------------------------
     alpha' = (    4.20681062571E+10  -1.57094453540E+15 )
              (   -1.57094453540E+15   5.86876862851E+19 )
              --------------------------------------------
      old a =      8.61639886894E+00   2.63377818548E-05
     change =      1.25404954476E-10   3.35767197145E-15
      new a =      8.61639886907E+00   2.63377818582E-05
 S :: old, change, new =    2.33704843632E+07   3.3E-07   2.33704843632E+07
  repeating cycle           14  with new lambda =    1.0000000000000004E-007

 ======== CYCLE   15, lambda =   1.00E-07 ========
              ------------------------
       beta = (    3.85555438697E-04 )
              (   -1.45497131348E+01 )
              ------------------------
              --------------------------------------------
      alpha = (    4.20681058364E+10  -1.57094453541E+15 )
              (   -1.57094453541E+15   5.86876856986E+19 )
              --------------------------------------------
              --------------------------------------------
     alpha' = (    4.20681100432E+10  -1.57094453541E+15 )
              (   -1.57094453541E+15   5.86876915674E+19 )
              --------------------------------------------
      old a =      8.61639886894E+00   2.63377818548E-05
     change =     -2.26370045414E-13  -6.30736171540E-18
      new a =      8.61639886894E+00   2.63377818548E-05
 S :: old, change, new =    2.33704843632E+07   5.2E-07   2.33704843632E+07
  repeating cycle           14  with new lambda =    1.0000000000000004E-006

 ======== CYCLE   15, lambda =   1.00E-06 ========
              ------------------------
       beta = (    1.38980150223E-03 )
              (    2.89755859375E+01 )
              ------------------------
              --------------------------------------------
      alpha = (    4.20681058365E+10  -1.57094453540E+15 )
              (   -1.57094453540E+15   5.86876856982E+19 )
              --------------------------------------------
              --------------------------------------------
     alpha' = (    4.20681479046E+10  -1.57094453540E+15 )
              (   -1.57094453540E+15   5.86877443859E+19 )
              --------------------------------------------
      old a =      8.61639886894E+00   2.63377818548E-05
     change =      1.24839035238E-10   3.34216586189E-15
      new a =      8.61639886907E+00   2.63377818582E-05
 S :: old, change, new =    2.33704843632E+07   7.4E-07   2.33704843632E+07
  repeating cycle           14  with new lambda =    1.0000000000000004E-005

 ======== CYCLE   15, lambda =   1.00E-05 ========
              ------------------------
       beta = (    3.43972817063E-04 )
              (   -1.26883850098E+01 )
              ------------------------
              --------------------------------------------
      alpha = (    4.20681058364E+10  -1.57094453541E+15 )
              (   -1.57094453541E+15   5.86876856986E+19 )
              --------------------------------------------
              --------------------------------------------
     alpha' = (    4.20685265174E+10  -1.57094453541E+15 )
              (   -1.57094453541E+15   5.86882725755E+19 )
              --------------------------------------------
      old a =      8.61639886894E+00   2.63377818548E-05
     change =      2.39473921964E-13   6.19394383444E-18
      new a =      8.61639886894E+00   2.63377818548E-05
 S :: old, change, new =    2.33704843632E+07   3.5E-07   2.33704843632E+07
  repeating cycle           14  with new lambda =    1.0000000000000005E-004

 ======== CYCLE   15, lambda =   1.00E-04 ========
              ------------------------
       beta = (    8.62406566739E-04 )
              (    4.83756408691E+01 )
              ------------------------
              --------------------------------------------
      alpha = (    4.20681058365E+10  -1.57094453540E+15 )
              (   -1.57094453540E+15   5.86876856982E+19 )
              --------------------------------------------
              --------------------------------------------
     alpha' = (    4.20723126471E+10  -1.57094453540E+15 )
              (   -1.57094453540E+15   5.86935544668E+19 )
              --------------------------------------------
      old a =      8.61639886894E+00   2.63377818548E-05
     change =      8.40255812092E-11   2.24978542321E-15
      new a =      8.61639886903E+00   2.63377818571E-05
 S :: old, change, new =    2.33704843632E+07  -2.3E-07   2.33704843632E+07
 cycle accepted, new lambda =    1.00000E-05

 =============== FINAL STATISTICS ===============

 chi**2 = S =     2.3370484363E+07

 sigma**2 = s**2 =     2.3630418972E+04
          --------------------------------------------
  alpha = (    4.20681058364E+10  -1.57094453541E+15 )
          (   -1.57094453541E+15   5.86876856985E+19 )
          --------------------------------------------
          --------------------------------------------
      C = (    5.79322528331E-08   1.55072320417E-12 )
          (    1.55072320417E-12   4.15266016119E-17 )
          --------------------------------------------

 comment : Ammonia, Redlich-Kwong eos, values of parameters a and b are close to those in Table 12

  no.      parameter     standard error
   1    8.6163988690E+00  (   3.7E-02 )
   2    2.6337781857E-05  (   9.9E-07 )

 parameter correlation coefficient(s) ::
    rho(    1,   2 ) =     0.99979482

 pmean, sst =     4.6722453615E+05    6.3872984281E+13

 correlation coefficient,     r     =     0.99999981705500
 coefficient of determination, r**2 =     0.99999963411003
 adjusted r**2                      =     0.99999963336936
 R-factor =     0.0251624391 %

 ============================== ALL DONE ===============================

