
 =======================================================================
        The Levenberg-Marquardt Non-Linear Least Squares Program
        --------------------------------------------------------
  Precision:  64-bit
  Linear equations solver: Cholesky decomposition
                           ( http://numerical.recipes/ )
 -----------------------------------------------------------------------
  Written by Anatoliy Volkov              Last modified on Feb 02, 2019
 =======================================================================

 Verbosity level ( -vlevel [n] ) =    1

 Input file name specified in the command line = Ar_130K_vdw.txt

 Comment = Ar, vdW eos, values of parameters a and b are close to those in Table 12
 Equation of state = vdw
 Number of parameters =    2
 Initial guess =     1.0000E+01    1.0000E-03
 Temperature =     130.000000 K
 Molar volume unit = m^3/mol
 Pressure     unit = pa
 Number of data points =          100

 The first 10 data points :
         1        1.080881100000E-01        9.995387625230E+03
         2        5.404405500000E-02        1.996531255434E+04
         3        3.602937000000E-02        2.992590209635E+04
         4        2.702202750000E-02        3.985350575023E+04
         5        2.161762200000E-02        4.977776908778E+04
         6        1.801468500000E-02        5.966686793806E+04
         7        1.544115857143E-02        6.955002370760E+04
         8        1.351101375000E-02        7.946594920825E+04
         9        1.200979000000E-02        8.928833766273E+04
        10        1.080881100000E-02        9.914841611330E+04

 The first 10 data points coverted to the SI units :
         1        1.080881100000E-01        9.995387625230E+03
         2        5.404405500000E-02        1.996531255434E+04
         3        3.602937000000E-02        2.992590209635E+04
         4        2.702202750000E-02        3.985350575023E+04
         5        2.161762200000E-02        4.977776908778E+04
         6        1.801468500000E-02        5.966686793806E+04
         7        1.544115857143E-02        6.955002370760E+04
         8        1.351101375000E-02        7.946594920825E+04
         9        1.200979000000E-02        8.928833766273E+04
        10        1.080881100000E-02        9.914841611330E+04

 Initial error function, S =     3.5555639251E+14

 ======== CYCLE    1, lambda =   1.00E+04 ========
              ------------------------
       beta = (   -5.07060750814E+13 )
              (   -7.41398850326E+16 )
              ------------------------
              --------------------------------------------
      alpha = (    1.50214819336E+13  -7.62106285172E+17 )
              (   -7.62106285172E+17   7.85996651348E+22 )
              --------------------------------------------
              --------------------------------------------
     alpha' = (    1.50229840818E+17  -7.62106285172E+17 )
              (   -7.62106285172E+17   7.86075251013E+26 )
              --------------------------------------------
      old a =      1.00000000000E+01   1.00000000000E-03
     change =     -3.37523803086E-04  -9.46437557326E-11
      new a =      9.99966247620E+00   9.99999905356E-04
 S :: old, change, new =    3.55556392511E+14  -3.4E+10   3.55522151126E+14
 cycle accepted, new lambda =    1.00000E+03

 ======== CYCLE    2, lambda =   1.00E+03 ========
              ------------------------
       beta = (   -5.07010771023E+13 )
              (   -7.43880190594E+16 )
              ------------------------
              --------------------------------------------
      alpha = (    1.50214819336E+13  -7.62105095217E+17 )
              (   -7.62105095217E+17   7.85993659940E+22 )
              --------------------------------------------
              --------------------------------------------
     alpha' = (    1.50365034156E+16  -7.62105095217E+17 )
              (   -7.62105095217E+17   7.86779653600E+25 )
              --------------------------------------------
      old a =      9.99966247620E+00   9.99999905356E-04
     change =     -3.37191574022E-03  -9.78136291063E-10
      new a =      9.99629056046E+00   9.99998927220E-04
 S :: old, change, new =    3.55522151126E+14  -3.4E+11   3.55180251940E+14
 cycle accepted, new lambda =    1.00000E+02

 ======== CYCLE    3, lambda =   1.00E+02 ========
              ------------------------
       beta = (   -5.06511713675E+13 )
              (   -7.68637386546E+16 )
              ------------------------
              --------------------------------------------
      alpha = (    1.50214819336E+13  -7.62092797307E+17 )
              (   -7.62092797307E+17   7.85962744841E+22 )
              --------------------------------------------
              --------------------------------------------
     alpha' = (    1.51716967530E+15  -7.62092797307E+17 )
              (   -7.62092797307E+17   7.93822372289E+24 )
              --------------------------------------------
      old a =      9.99629056046E+00   9.99998927220E-04
     change =     -3.33917783783E-02  -1.28884465867E-08
      new a =      9.96289878208E+00   9.99986038773E-04
 S :: old, change, new =    3.55180251940E+14  -3.4E+12   3.51811714443E+14
 cycle accepted, new lambda =    1.00000E+01

 ======== CYCLE    4, lambda =   1.00E+01 ========
              ------------------------
       beta = (   -5.01593985201E+13 )
              (   -1.01067406840E+17 )
              ------------------------
              --------------------------------------------
      alpha = (    1.50214819336E+13  -7.61930785297E+17 )
              (   -7.61930785297E+17   7.85555540833E+22 )
              --------------------------------------------
              --------------------------------------------
     alpha' = (    1.65236301270E+14  -7.61930785297E+17 )
              (   -7.61930785297E+17   8.64111094917E+23 )
              --------------------------------------------
      old a =      9.96289878208E+00   9.99986038773E-04
     change =     -3.05342431401E-01  -3.86197107461E-07
      new a =      9.65755635068E+00   9.99599841666E-04
 S :: old, change, new =    3.51811714443E+14  -2.9E+13   3.22337735395E+14
 cycle accepted, new lambda =    1.00000E+00

 ======== CYCLE    5, lambda =   1.00E+00 ========
              ------------------------
       beta = (   -4.58660243239E+13 )
              (   -2.95391763452E+17 )
              ------------------------
              --------------------------------------------
      alpha = (    1.50214819336E+13  -7.57103463791E+17 )
              (   -7.57103463791E+17   7.73481954588E+22 )
              --------------------------------------------
              --------------------------------------------
     alpha' = (    3.00429638673E+13  -7.57103463791E+17 )
              (   -7.57103463791E+17   1.54696390918E+23 )
              --------------------------------------------
      old a =      9.65755635068E+00   9.99599841666E-04
     change =     -1.79635576761E+00  -1.07010831183E-05
      new a =      7.86120058307E+00   9.88898758548E-04
 S :: old, change, new =    3.22337735395E+14  -1.4E+14   1.82231046740E+14
 cycle accepted, new lambda =    1.00000E-01

 ======== CYCLE    6, lambda =   1.00E-01 ========
              ------------------------
       beta = (   -2.63367433350E+13 )
              (   -6.55444129156E+17 )
              ------------------------
              --------------------------------------------
      alpha = (    1.50214819336E+13  -6.41598202077E+17 )
              (   -6.41598202077E+17   5.17837425490E+22 )
              --------------------------------------------
              --------------------------------------------
     alpha' = (    1.65236301270E+13  -6.41598202077E+17 )
              (   -6.41598202077E+17   5.69621168039E+22 )
              --------------------------------------------
      old a =      7.86120058307E+00   9.88898758548E-04
     change =     -3.62694005550E+00  -5.23590504559E-05
      new a =      4.23426052756E+00   9.36539708092E-04
 S :: old, change, new =    1.82231046740E+14  -1.4E+14   4.32096884885E+13
 cycle accepted, new lambda =    1.00000E-02

 ======== CYCLE    7, lambda =   1.00E-02 ========
              ------------------------
       beta = (    3.56773034379E+12 )
              (   -4.93240274971E+17 )
              ------------------------
              --------------------------------------------
      alpha = (    1.50214819336E+13  -3.47448751432E+17 )
              (   -3.47448751432E+17   1.21444717635E+22 )
              --------------------------------------------
              --------------------------------------------
     alpha' = (    1.51716967530E+13  -3.47448751432E+17 )
              (   -3.47448751432E+17   1.22659164811E+22 )
              --------------------------------------------
      old a =      4.23426052756E+00   9.36539708092E-04
     change =     -1.95206015797E+00  -9.55070207255E-05
      new a =      2.28220036960E+00   8.41032687366E-04
 S :: old, change, new =    4.32096884885E+13  -2.8E+13   1.51328840017E+13
 cycle accepted, new lambda =    1.00000E-03

 ======== CYCLE    8, lambda =   1.00E-03 ========
              ------------------------
       beta = (    9.85390897711E+12 )
              (   -1.74768755985E+17 )
              ------------------------
              --------------------------------------------
      alpha = (    1.50214819336E+13  -1.69552400395E+17 )
              (   -1.69552400395E+17   2.38802809053E+21 )
              --------------------------------------------
              --------------------------------------------
     alpha' = (    1.50365034156E+13  -1.69552400395E+17 )
              (   -1.69552400395E+17   2.39041611862E+21 )
              --------------------------------------------
      old a =      2.28220036960E+00   8.41032687366E-04
     change =     -8.44629705856E-01  -1.33021923497E-04
      new a =      1.43757066374E+00   7.08010763869E-04
 S :: old, change, new =    1.51328840017E+13  -1.1E+13   4.12632881935E+12
 cycle accepted, new lambda =    1.00000E-04

 ======== CYCLE    9, lambda =   1.00E-04 ========
              ------------------------
       beta = (    6.32144661156E+12 )
              (   -4.63674766233E+16 )
              ------------------------
              --------------------------------------------
      alpha = (    1.50214819336E+13  -8.83787572716E+16 )
              (   -8.83787572716E+16   5.77932675462E+20 )
              --------------------------------------------
              --------------------------------------------
     alpha' = (    1.50229840818E+13  -8.83787572716E+16 )
              (   -8.83787572716E+16   5.77990468730E+20 )
              --------------------------------------------
      old a =      1.43757066374E+00   7.08010763869E-04
     change =     -5.09165764738E-01  -1.58076852646E-04
      new a =      9.28404899001E-01   5.49933911223E-04
 S :: old, change, new =    4.12632881935E+12  -3.2E+12   9.53996812250E+11
 cycle accepted, new lambda =    1.00000E-05

 ======== CYCLE   10, lambda =   1.00E-05 ========
              ------------------------
       beta = (    3.34313252862E+12 )
              (   -1.27295797997E+16 )
              ------------------------
              --------------------------------------------
      alpha = (    1.50214819336E+13  -5.13490076536E+16 )
              (   -5.13490076536E+16   1.83632453185E+20 )
              --------------------------------------------
              --------------------------------------------
     alpha' = (    1.50216321485E+13  -5.13490076536E+16 )
              (   -5.13490076536E+16   1.83634289509E+20 )
              --------------------------------------------
      old a =      9.28404899001E-01   5.49933911223E-04
     change =     -3.26342918100E-01  -1.60574394236E-04
      new a =      6.02061980901E-01   3.89359516987E-04
 S :: old, change, new =    9.53996812250E+11  -7.7E+11   1.88102443545E+11
 cycle accepted, new lambda =    1.00000E-06

 ======== CYCLE   11, lambda =   1.00E-06 ========
              ------------------------
       beta = (    1.56411297847E+12 )
              (   -3.69960368377E+15 )
              ------------------------
              --------------------------------------------
      alpha = (    1.50214819336E+13  -3.37820644105E+16 )
              (   -3.37820644105E+16   7.72885078288E+19 )
              --------------------------------------------
              --------------------------------------------
     alpha' = (    1.50214969551E+13  -3.37820644105E+16 )
              (   -3.37820644105E+16   7.72885851173E+19 )
              --------------------------------------------
      old a =      6.02061980901E-01   3.89359516987E-04
     change =     -2.07068829960E-01  -1.38375106992E-04
      new a =      3.94993150941E-01   2.50984409995E-04
 S :: old, change, new =    1.88102443545E+11  -1.6E+11   3.01167378677E+10
 cycle accepted, new lambda =    1.00000E-07

 ======== CYCLE   12, lambda =   1.00E-07 ========
              ------------------------
       beta = (    6.43689689188E+11 )
              (   -1.10225913231E+15 )
              ------------------------
              --------------------------------------------
      alpha = (    1.50214819336E+13  -2.51400275500E+16 )
              (   -2.51400275500E+16   4.23210573066E+19 )
              --------------------------------------------
              --------------------------------------------
     alpha' = (    1.50214834358E+13  -2.51400275500E+16 )
              (   -2.51400275500E+16   4.23210615387E+19 )
              --------------------------------------------
      old a =      3.94993150941E-01   2.50984409995E-04
     change =     -1.26667471300E-01  -1.01289587138E-04
      new a =      2.68325679641E-01   1.49694822857E-04
 S :: old, change, new =    3.01167378677E+10  -2.6E+10   3.74325546287E+09
 cycle accepted, new lambda =    1.00000E-08

 ======== CYCLE   13, lambda =   1.00E-08 ========
              ------------------------
       beta = (    2.30220724132E+11 )
              (   -3.22222497959E+14 )
              ------------------------
              --------------------------------------------
      alpha = (    1.50214819336E+13  -2.08060493509E+16 )
              (   -2.08060493509E+16   2.88708407480E+19 )
              --------------------------------------------
              --------------------------------------------
     alpha' = (    1.50214820839E+13  -2.08060493509E+16 )
              (   -2.08060493509E+16   2.88708410367E+19 )
              --------------------------------------------
      old a =      2.68325679641E-01   1.49694822857E-04
     change =     -7.26949234214E-02  -6.35491241800E-05
      new a =      1.95630756219E-01   8.61456986774E-05
 S :: old, change, new =    3.74325546287E+09  -3.4E+09   3.47208253338E+08
 cycle accepted, new lambda =    1.00000E-09

 ======== CYCLE   14, lambda =   1.00E-09 ========
              ------------------------
       beta = (    7.04416924825E+10 )
              (   -8.78949998369E+13 )
              ------------------------
              --------------------------------------------
      alpha = (    1.50214819336E+13  -1.86499411666E+16 )
              (   -1.86499411666E+16   2.31678439496E+19 )
              --------------------------------------------
              --------------------------------------------
     alpha' = (    1.50214819487E+13  -1.86499411666E+16 )
              (   -1.86499411666E+16   2.31678439727E+19 )
              --------------------------------------------
      old a =      1.95630756219E-01   8.61456986774E-05
     change =     -3.71937420458E-02  -3.37345202115E-05
      new a =      1.58437014174E-01   5.24111784660E-05
 S :: old, change, new =    3.47208253338E+08  -3.2E+08   2.26035467745E+07
 cycle accepted, new lambda =    1.00000E-10

 ======== CYCLE   15, lambda =   1.00E-10 ========
              ------------------------
       beta = (    1.72326691025E+10 )
              (   -2.02949170613E+13 )
              ------------------------
              --------------------------------------------
      alpha = (    1.50214819336E+13  -1.76426803082E+16 )
              (   -1.76426803082E+16   2.07254064795E+19 )
              --------------------------------------------
              --------------------------------------------
     alpha' = (    1.50214819351E+13  -1.76426803082E+16 )
              (   -1.76426803082E+16   2.07254064816E+19 )
              --------------------------------------------
      old a =      1.58437014174E-01   5.24111784660E-05
     change =     -1.45237799367E-02  -1.33427213404E-05
      new a =      1.43913234237E-01   3.90684571255E-05
 S :: old, change, new =    2.26035467745E+07  -2.0E+07   2.53369426625E+06
 cycle accepted, new lambda =    1.00000E-11

 ======== CYCLE   16, lambda =   1.00E-11 ========
              ------------------------
       beta = (    2.51796101877E+09 )
              (   -2.90000356165E+12 )
              ------------------------
              --------------------------------------------
      alpha = (    1.50214819336E+13  -1.72673296473E+16 )
              (   -1.72673296473E+16   1.98511213061E+19 )
              --------------------------------------------
              --------------------------------------------
     alpha' = (    1.50214819338E+13  -1.72673296473E+16 )
              (   -1.72673296473E+16   1.98511213063E+19 )
              --------------------------------------------
      old a =      1.43913234237E-01   3.90684571255E-05
     change =     -2.79154497809E-03  -2.57428938825E-06
      new a =      1.41121689259E-01   3.64941677373E-05
 S :: old, change, new =    2.53369426625E+06  -4.4E+05   2.09781419252E+06
 cycle accepted, new lambda =    1.00000E-12

 ======== CYCLE   17, lambda =   1.00E-12 ========
              ------------------------
       beta = (    9.14826530248E+07 )
              (   -1.04915636556E+11 )
              ------------------------
              --------------------------------------------
      alpha = (    1.50214819336E+13  -1.71963308314E+16 )
              (   -1.71963308314E+16   1.96879319158E+19 )
              --------------------------------------------
              --------------------------------------------
     alpha' = (    1.50214819337E+13  -1.71963308314E+16 )
              (   -1.71963308314E+16   1.96879319158E+19 )
              --------------------------------------------
      old a =      1.41121689259E-01   3.64941677373E-05
     change =     -1.08812358854E-04  -1.00370570480E-07
      new a =      1.41012876900E-01   3.63937971668E-05
 S :: old, change, new =    2.09781419252E+06  -5.8E+02   2.09723818232E+06
 cycle accepted, new lambda =    1.00000E-13

 ======== CYCLE   18, lambda =   1.00E-13 ========
              ------------------------
       beta = (    1.38471022085E+05 )
              (   -1.58896047201E+08 )
              ------------------------
              --------------------------------------------
      alpha = (    1.50214819336E+13  -1.71935717497E+16 )
              (   -1.71935717497E+16   1.96816042363E+19 )
              --------------------------------------------
              --------------------------------------------
     alpha' = (    1.50214819336E+13  -1.71935717497E+16 )
              (   -1.71935717497E+16   1.96816042363E+19 )
              --------------------------------------------
      old a =      1.41012876900E-01   3.63937971668E-05
     change =     -2.38212200300E-07  -2.16172144996E-10
      new a =      1.41012638688E-01   3.63935809947E-05
 S :: old, change, new =    2.09723818232E+06  -1.4E-03   2.09723818095E+06
 cycle accepted, new lambda =    1.00000E-14

 ======== CYCLE   19, lambda =   1.00E-14 ========
              ------------------------
       beta = (    6.40881270170E-01 )
              (   -1.00276123047E+03 )
              ------------------------
              --------------------------------------------
      alpha = (    1.50214819336E+13  -1.71935658081E+16 )
              (   -1.71935658081E+16   1.96815906109E+19 )
              --------------------------------------------
              --------------------------------------------
     alpha' = (    1.50214819336E+13  -1.71935658081E+16 )
              (   -1.71935658081E+16   1.96815906109E+19 )
              --------------------------------------------
      old a =      1.41012638688E-01   3.63935809947E-05
     change =     -1.65547390590E-10  -1.44670863854E-13
      new a =      1.41012638522E-01   3.63935808500E-05
 S :: old, change, new =    2.09723818095E+06  -2.7E-07   2.09723818095E+06
 cycle accepted, new lambda =    1.00000E-15

 =============== FINAL STATISTICS ===============

 chi**2 = S =     2.0972381810E+06

 sigma**2 = s**2 =     2.1400389602E+04
          --------------------------------------------
  alpha = (    1.50214819336E+13  -1.71935658041E+16 )
          (   -1.71935658041E+16   1.96815906018E+19 )
          --------------------------------------------
          --------------------------------------------
      C = (    7.04106146455E-10   6.15097407882E-13 )
          (    6.15097407882E-13   5.37391411718E-16 )
          --------------------------------------------

 comment : Ar, vdW eos, values of parameters a and b are close to those in Table 12

  no.      parameter     standard error
   1    1.4101263852E-01  (   3.9E-03 )
   2    3.6393580850E-05  (   3.4E-06 )

 parameter correlation coefficient(s) ::
    rho(    1,   2 ) =     0.99995273

 pmean, sst =     4.7585125708E+05    6.9523852282E+12

 correlation coefficient,     r     =     0.99999984917131
 coefficient of determination, r**2 =     0.99999969834264
 adjusted r**2                      =     0.99999969212290
 R-factor =     0.0228770186 %

 ============================== ALL DONE ===============================

